[01/12/2025 21:02:25] PRODUCTO_AGREGADO | Código: ALG001 | Nombre: Algodón Blanco Premium | Tipo: Algodón | Precio: 25.50
[01/12/2025 21:02:25] PRODUCTO_AGREGADO | Código: POL001 | Nombre: Poliéster Negro Básico | Tipo: Poliéster | Precio: 18.75
[01/12/2025 21:02:25] PRODUCTO_AGREGADO | Código: DEN001 | Nombre: Denim Azul Clásico | Tipo: Denim | Precio: 35.00
[01/12/2025 21:02:25] PRODUCTO_AGREGADO | Código: SED001 | Nombre: Seda Rosa Natural | Tipo: Seda | Precio: 85.00
[01/12/2025 21:02:25] PRODUCTO_AGREGADO | Código: LIN001 | Nombre: Lino Beige Verano | Tipo: Lino | Precio: 42.50
[01/12/2025 21:02:25] PRODUCTO_AGREGADO | Código: TEL006 | Nombre: Lycra Deportiva | Tipo: Lycra | Precio: 28.00
[01/12/2025 21:08:56] PRODUCTO_AGREGADO | Código: ALG001 | Nombre: Algodón Blanco Premium | Tipo: Algodón | Precio: 25.50
[01/12/2025 21:08:56] PRODUCTO_AGREGADO | Código: POL001 | Nombre: Poliéster Negro Básico | Tipo: Poliéster | Precio: 18.75
[01/12/2025 21:08:56] PRODUCTO_AGREGADO | Código: DEN001 | Nombre: Denim Azul Clásico | Tipo: Denim | Precio: 35.00
[01/12/2025 21:08:56] PRODUCTO_AGREGADO | Código: SED001 | Nombre: Seda Rosa Natural | Tipo: Seda | Precio: 85.00
[01/12/2025 21:08:56] PRODUCTO_AGREGADO | Código: LIN001 | Nombre: Lino Beige Verano | Tipo: Lino | Precio: 42.50
[01/12/2025 21:08:56] PRODUCTO_AGREGADO | Código: TEL006 | Nombre: Lycra Deportiva | Tipo: Lycra | Precio: 28.00
[01/12/2025 21:10:43] PRODUCTO_AGREGADO | Código: ALG001 | Nombre: Algodón Blanco Premium | Tipo: Algodón | Precio: 25.50
[01/12/2025 21:10:43] PRODUCTO_AGREGADO | Código: POL001 | Nombre: Poliéster Negro Básico | Tipo: Poliéster | Precio: 18.75
[01/12/2025 21:10:43] PRODUCTO_AGREGADO | Código: DEN001 | Nombre: Denim Azul Clásico | Tipo: Denim | Precio: 35.00
[01/12/2025 21:10:43] PRODUCTO_AGREGADO | Código: SED001 | Nombre: Seda Rosa Natural | Tipo: Seda | Precio: 85.00
[01/12/2025 21:10:43] PRODUCTO_AGREGADO | Código: LIN001 | Nombre: Lino Beige Verano | Tipo: Lino | Precio: 42.50
[01/12/2025 21:10:43] PRODUCTO_AGREGADO | Código: TEL006 | Nombre: Lycra Deportiva | Tipo: Lycra | Precio: 28.00
[02/12/2025 00:56:37] PRODUCTO_AGREGADO | Código: ALG001 | Nombre: Algodón Blanco Premium | Tipo: Algodón | Precio: 25.50
[02/12/2025 00:56:37] PRODUCTO_AGREGADO | Código: POL001 | Nombre: Poliéster Negro Básico | Tipo: Poliéster | Precio: 18.75
[02/12/2025 00:56:37] PRODUCTO_AGREGADO | Código: DEN001 | Nombre: Denim Azul Clásico | Tipo: Denim | Precio: 35.00
[02/12/2025 00:56:37] PRODUCTO_AGREGADO | Código: SED001 | Nombre: Seda Rosa Natural | Tipo: Seda | Precio: 85.00
[02/12/2025 00:56:37] PRODUCTO_AGREGADO | Código: LIN001 | Nombre: Lino Beige Verano | Tipo: Lino | Precio: 42.50
[02/12/2025 00:56:37] PRODUCTO_AGREGADO | Código: TEL006 | Nombre: Lycra Deportiva | Tipo: Lycra | Precio: 28.00
[02/12/2025 00:58:47] PRODUCTO_AGREGADO | Código: ALG001 | Nombre: Algodón Blanco Premium | Tipo: Algodón | Precio: 25.50
[02/12/2025 00:58:47] PRODUCTO_AGREGADO | Código: POL001 | Nombre: Poliéster Negro Básico | Tipo: Poliéster | Precio: 18.75
[02/12/2025 00:58:47] PRODUCTO_AGREGADO | Código: DEN001 | Nombre: Denim Azul Clásico | Tipo: Denim | Precio: 35.00
[02/12/2025 00:58:47] PRODUCTO_AGREGADO | Código: SED001 | Nombre: Seda Rosa Natural | Tipo: Seda | Precio: 85.00
[02/12/2025 00:58:47] PRODUCTO_AGREGADO | Código: LIN001 | Nombre: Lino Beige Verano | Tipo: Lino | Precio: 42.50
[02/12/2025 00:58:47] PRODUCTO_AGREGADO | Código: TEL006 | Nombre: Lycra Deportiva | Tipo: Lycra | Precio: 28.00
[02/12/2025 01:27:20] PRODUCTO_AGREGADO | Código: ALG001 | Nombre: Algodón Blanco Premium | Tipo: Algodón | Precio: 25.50
[02/12/2025 01:27:20] PRODUCTO_AGREGADO | Código: POL001 | Nombre: Poliéster Negro Básico | Tipo: Poliéster | Precio: 18.75
[02/12/2025 01:27:20] PRODUCTO_AGREGADO | Código: DEN001 | Nombre: Denim Azul Clásico | Tipo: Denim | Precio: 35.00
[02/12/2025 01:27:20] PRODUCTO_AGREGADO | Código: SED001 | Nombre: Seda Rosa Natural | Tipo: Seda | Precio: 85.00
[02/12/2025 01:27:20] PRODUCTO_AGREGADO | Código: LIN001 | Nombre: Lino Beige Verano | Tipo: Lino | Precio: 42.50
[02/12/2025 01:27:20] PRODUCTO_AGREGADO | Código: TEL006 | Nombre: Lycra Deportiva | Tipo: Lycra | Precio: 28.00
